Reading package lists...
Building dependency tree...
Reading state information...
htop is already the newest version (3.0.5-7build2).
The following packages were automatically installed and are no longer required:
  docker-scan-plugin libjs-highlight.js zsh-common
Use 'sudo apt autoremove' to remove them.
0 upgraded, 0 newly installed, 0 to remove and 21 not upgraded.
Reading package lists...
Building dependency tree...
Reading state information...
htop is already the newest version (3.0.5-7build2).
0 upgraded, 0 newly installed, 0 to remove and 21 not upgraded.
Reading package lists...
Building dependency tree...
Reading state information...
Reading package lists...
Building dependency tree...
Reading state information...
Reading package lists...
Building dependency tree...
Reading state information...
Reading package lists...
Building dependency tree...
Reading state information...
htop is already the newest version (3.0.5-7build2).
0 upgraded, 0 newly installed, 0 to remove and 21 not upgraded.
Reading package lists...
Building dependency tree...
Reading state information...
htop is already the newest version (3.0.5-7build2).
0 upgraded, 0 newly installed, 0 to remove and 21 not upgraded.
Reading package lists...
Building dependency tree...
Reading state information...
htop is already the newest version (3.0.5-7build2).
0 upgraded, 0 newly installed, 0 to remove and 10 not upgraded.
Reading package lists...
Building dependency tree...
Reading state information...
htop is already the newest version (3.0.5-7build2).
0 upgraded, 0 newly installed, 0 to remove and 10 not upgraded.
